 ⚠ You are using a non-standard "NODE_ENV" value in your environment. This creates inconsistencies in the project and is strongly advised against. Read more: https://nextjs.org/docs/messages/non-standard-node-env
[baseline-browser-mapping] The data in this module is over two months old.  To ensure accurate Baseline data, please update: `npm i baseline-browser-mapping@latest -D`
 ⚠ Prerendering is running in debug mode. Note: This may affect performance and should not be used for production.
 ⚠ Warning: Next.js inferred your workspace root, but it may not be correct.
 We detected multiple lockfiles and selected the directory of /Users/yanyu/package-lock.json as the root directory.
 To silence this warning, set `turbopack.root` in your Next.js config, or consider removing one of the lockfiles if it's not needed.
   See https://nextjs.org/docs/app/api-reference/config/next-config-js/turbopack#root-directory for more information.
 Detected additional lockfiles: 
   * /Users/yanyu/Documents/张波/zhang/package-lock.json

   ▲ Next.js 16.0.3 (Turbopack)
   - Experiments (use with caution):
     · optimizePackageImports
     ⨯ prerenderEarlyExit (disabled by `--debug-prerender`)
     ✓ serverSourceMaps (enabled by `--debug-prerender`)
     ⨯ turbopackMinify (disabled by `--debug-prerender`)

   Creating an optimized production build ...
[baseline-browser-mapping] The data in this module is over two months old.  To ensure accurate Baseline data, please update: `npm i baseline-browser-mapping@latest -D`
 ✓ Compiled successfully in 1851.7ms
   Running TypeScript ...
Failed to compile.

./components/wedding/guest-sign-in.tsx:121:35
Type error: Parameter 'value' implicitly has an 'any' type.

[0m [90m 119 |[39m                 [33m<[39m[33mRadioGroup[39m
 [90m 120 |[39m                   value[33m=[39m{formData[33m.[39mattending}
[31m[1m>[22m[39m[90m 121 |[39m                   onValueChange[33m=[39m{(value) [33m=>[39m setFormData((prev) [33m=>[39m ({ [33m...[39mprev[33m,[39m attending[33m:[39m value }))}
 [90m     |[39m                                   [31m[1m^[22m[39m
 [90m 122 |[39m                   className[33m=[39m[32m"flex gap-6 mt-2"[39m
 [90m 123 |[39m                 [33m>[39m
 [90m 124 |[39m                   [33m<[39m[33mdiv[39m className[33m=[39m[32m"flex items-center space-x-2"[39m[33m>[39m[0m
Next.js build worker exited with code: 1 and signal: null
