 ⚠ You are using a non-standard "NODE_ENV" value in your environment. This creates inconsistencies in the project and is strongly advised against. Read more: https://nextjs.org/docs/messages/non-standard-node-env
[baseline-browser-mapping] The data in this module is over two months old.  To ensure accurate Baseline data, please update: `npm i baseline-browser-mapping@latest -D`
 ⚠ Prerendering is running in debug mode. Note: This may affect performance and should not be used for production.
 ⚠ Warning: Next.js inferred your workspace root, but it may not be correct.
 We detected multiple lockfiles and selected the directory of /Users/yanyu/package-lock.json as the root directory.
 To silence this warning, set `turbopack.root` in your Next.js config, or consider removing one of the lockfiles if it's not needed.
   See https://nextjs.org/docs/app/api-reference/config/next-config-js/turbopack#root-directory for more information.
 Detected additional lockfiles: 
   * /Users/yanyu/Documents/张波/zhang/package-lock.json

   ▲ Next.js 16.0.3 (Turbopack)
   - Experiments (use with caution):
     · optimizePackageImports
     ⨯ prerenderEarlyExit (disabled by `--debug-prerender`)
     ✓ serverSourceMaps (enabled by `--debug-prerender`)
     ⨯ turbopackMinify (disabled by `--debug-prerender`)

   Creating an optimized production build ...
[baseline-browser-mapping] The data in this module is over two months old.  To ensure accurate Baseline data, please update: `npm i baseline-browser-mapping@latest -D`
 ✓ Compiled successfully in 1807.8ms
   Running TypeScript ...
Failed to compile.

./components/ui/radio-group.tsx:44:17
Type error: Cannot redeclare exported variable 'RadioGroupItem'.

[0m [90m 42 |[39m }
 [90m 43 |[39m
[31m[1m>[22m[39m[90m 44 |[39m [36mexport[39m [36mfunction[39m [33mRadioGroupItem[39m({ value[33m,[39m className[33m,[39m children[33m,[39m [33m...[39mrest }[33m:[39m [33mRadioGroupItemProps[39m) {
 [90m    |[39m                 [31m[1m^[22m[39m
 [90m 45 |[39m   [36mconst[39m ctx [33m=[39m [33mReact[39m[33m.[39museContext([33mRadioGroupContext[39m)
 [90m 46 |[39m   [36mif[39m ([33m![39mctx) {
 [90m 47 |[39m     [90m// If used without a parent RadioGroup, render a plain radio input.[39m[0m
Next.js build worker exited with code: 1 and signal: null
