Stubbed components/ui/radio-group.tsx
Stubbed components/ui/select.tsx
Stubbed components/ui/label.tsx
Stubbed components/wedding/floating-ai-button.tsx
Stubbed components/wedding/music-player-new.tsx
Stubbed components/pwa-install-prompt.tsx
Stubbed components/client/register-sw.tsx
 ⚠ You are using a non-standard "NODE_ENV" value in your environment. This creates inconsistencies in the project and is strongly advised against. Read more: https://nextjs.org/docs/messages/non-standard-node-env
[baseline-browser-mapping] The data in this module is over two months old.  To ensure accurate Baseline data, please update: `npm i baseline-browser-mapping@latest -D`
 ⚠ Prerendering is running in debug mode. Note: This may affect performance and should not be used for production.
 ⚠ Warning: Next.js inferred your workspace root, but it may not be correct.
 We detected multiple lockfiles and selected the directory of /Users/yanyu/package-lock.json as the root directory.
 To silence this warning, set `turbopack.root` in your Next.js config, or consider removing one of the lockfiles if it's not needed.
   See https://nextjs.org/docs/app/api-reference/config/next-config-js/turbopack#root-directory for more information.
 Detected additional lockfiles: 
   * /Users/yanyu/Documents/张波/zhang/package-lock.json

   ▲ Next.js 16.0.3 (Turbopack)
   - Experiments (use with caution):
     · optimizePackageImports
     ⨯ prerenderEarlyExit (disabled by `--debug-prerender`)
     ✓ serverSourceMaps (enabled by `--debug-prerender`)
     ⨯ turbopackMinify (disabled by `--debug-prerender`)

   Creating an optimized production build ...
[baseline-browser-mapping] The data in this module is over two months old.  To ensure accurate Baseline data, please update: `npm i baseline-browser-mapping@latest -D`
 ✓ Compiled successfully in 1801.4ms
   Running TypeScript ...
Failed to compile.

./components/wedding/guest-sign-in.tsx:10:10
Type error: Module '"@/components/ui/label"' has no exported member 'Label'. Did you mean to use 'import Label from "@/components/ui/label"' instead?

[0m [90m  8 |[39m [36mimport[39m { [33mButton[39m } [36mfrom[39m [32m"@/components/ui/button"[39m
 [90m  9 |[39m [36mimport[39m { [33mInput[39m } [36mfrom[39m [32m"@/components/ui/input"[39m
[31m[1m>[22m[39m[90m 10 |[39m [36mimport[39m { [33mLabel[39m } [36mfrom[39m [32m"@/components/ui/label"[39m
 [90m    |[39m          [31m[1m^[22m[39m
 [90m 11 |[39m [36mimport[39m { [33mRadioGroup[39m[33m,[39m [33mRadioGroupItem[39m } [36mfrom[39m [32m"@/components/ui/radio-group"[39m
 [90m 12 |[39m [36mimport[39m { [33mSelect[39m[33m,[39m [33mSelectContent[39m[33m,[39m [33mSelectItem[39m[33m,[39m [33mSelectTrigger[39m[33m,[39m [33mSelectValue[39m } [36mfrom[39m [32m"@/components/ui/select"[39m
 [90m 13 |[39m[0m
Next.js build worker exited with code: 1 and signal: null
RESULT: build succeeded / prerender error disappeared after stubbing ALL
Restored components/ui/radio-group.tsx
Restored components/ui/select.tsx
Restored components/ui/label.tsx
Restored components/wedding/floating-ai-button.tsx
Restored components/wedding/music-player-new.tsx
Restored components/pwa-install-prompt.tsx
Restored components/client/register-sw.tsx
All-stub run finished
